<?xml version="1.0" encoding="UTF-8"?>
<testng-results ignored="0" total="1" passed="1" failed="0" skipped="0">
  <reporter-output>
  </reporter-output>
  <suite started-at="2020-12-11T16:22:29 IST" name="Default suite" finished-at="2020-12-11T16:22:45 IST" duration-ms="15660">
    <groups>
    </groups>
    <test started-at="2020-12-11T16:22:29 IST" name="Default test" finished-at="2020-12-11T16:22:45 IST" duration-ms="15660">
      <class name="selenium.dummy.TestNGdemo">
        <test-method signature="verifyHomepageTitle()[pri:0, instance:selenium.dummy.TestNGdemo@568ff82]" started-at="2020-12-11T16:22:29 IST" name="verifyHomepageTitle" finished-at="2020-12-11T16:22:45 IST" duration-ms="15615" status="PASS">
          <reporter-output>
          </reporter-output>
        </test-method> <!-- verifyHomepageTitle -->
      </class> <!-- selenium.dummy.TestNGdemo -->
    </test> <!-- Default test -->
  </suite> <!-- Default suite -->
</testng-results>
